Looking for git in: git
Using git 2.32.0 from git
Opening repository for path='/home/vedant/.config/qtile' failed; ex=Failed to execute git {
  "exitCode": 128,
  "gitErrorCode": "NotAGitRepository",
  "gitCommand": "rev-parse",
  "stdout": "",
  "stderr": "fatal: not a git repository (or any of the parent directories): .git\n"
}
Opening repository for path='/home/vedant/.config/qtile' failed; ex=Failed to execute git {
  "exitCode": 128,
  "gitErrorCode": "NotAGitRepository",
  "gitCommand": "rev-parse",
  "stdout": "",
  "stderr": "fatal: not a git repository (or any of the parent directories): .git\n"
}
Opening repository for path='/home/vedant/.config/qtile/__pycache__' failed; ex=Failed to execute git {
  "exitCode": 128,
  "gitErrorCode": "NotAGitRepository",
  "gitCommand": "rev-parse",
  "stdout": "",
  "stderr": "fatal: not a git repository (or any of the parent directories): .git\n"
}
Opening repository for path='/home/vedant/.config/qtile/autostart.sh' failed; ex=Error: spawn ENOTDIR
Opening repository for path='/home/vedant/.config/qtile/config.py' failed; ex=Error: spawn ENOTDIR
Opening repository for path='/home/vedant/.config/qtile/eww_bright.sh' failed; ex=Error: spawn ENOTDIR
Opening repository for path='/home/vedant/.config/qtile/eww_vol.sh' failed; ex=Error: spawn ENOTDIR
Opening repository for path='/home/vedant/.config/qtile/eww_vol_icon.sh' failed; ex=Error: spawn ENOTDIR
Opening repository for path='/home/vedant/.config/qtile/scripts' failed; ex=Failed to execute git {
  "exitCode": 128,
  "gitErrorCode": "NotAGitRepository",
  "gitCommand": "rev-parse",
  "stdout": "",
  "stderr": "fatal: not a git repository (or any of the parent directories): .git\n"
}
