[2021-08-13 23:19:59.737] [renderer1] [error] EACCES: permission denied, open '/usr/share/vscodium-bin/resources/app/extensions/json-language-features/package.json': Error: EACCES: permission denied, open '/usr/share/vscodium-bin/resources/app/extensions/json-language-features/package.json'
[2021-08-13 23:19:59.738] [renderer1] [error] EACCES: permission denied, open '/usr/share/vscodium-bin/resources/app/extensions/json/package.json': Error: EACCES: permission denied, open '/usr/share/vscodium-bin/resources/app/extensions/json/package.json'
[2021-08-13 23:19:59.744] [renderer1] [error] EACCES: permission denied, open '/usr/share/vscodium-bin/resources/app/extensions/html-language-features/package.json': Error: EACCES: permission denied, open '/usr/share/vscodium-bin/resources/app/extensions/html-language-features/package.json'
[2021-08-13 23:19:59.745] [renderer1] [error] EACCES: permission denied, open '/usr/share/vscodium-bin/resources/app/extensions/yaml/package.json': Error: EACCES: permission denied, open '/usr/share/vscodium-bin/resources/app/extensions/yaml/package.json'
[2021-08-13 23:19:59.746] [renderer1] [error] EACCES: permission denied, open '/usr/share/vscodium-bin/resources/app/extensions/cpp/package.json': Error: EACCES: permission denied, open '/usr/share/vscodium-bin/resources/app/extensions/cpp/package.json'
[2021-08-13 23:19:59.747] [renderer1] [error] EACCES: permission denied, open '/usr/share/vscodium-bin/resources/app/extensions/html/package.json': Error: EACCES: permission denied, open '/usr/share/vscodium-bin/resources/app/extensions/html/package.json'
[2021-08-13 23:19:59.748] [renderer1] [error] EACCES: permission denied, open '/usr/share/vscodium-bin/resources/app/extensions/css/package.json': Error: EACCES: permission denied, open '/usr/share/vscodium-bin/resources/app/extensions/css/package.json'
[2021-08-13 23:19:59.749] [renderer1] [error] EACCES: permission denied, open '/usr/share/vscodium-bin/resources/app/extensions/markdown-basics/package.json': Error: EACCES: permission denied, open '/usr/share/vscodium-bin/resources/app/extensions/markdown-basics/package.json'
[2021-08-13 23:19:59.749] [renderer1] [error] EACCES: permission denied, open '/usr/share/vscodium-bin/resources/app/extensions/docker/package.json': Error: EACCES: permission denied, open '/usr/share/vscodium-bin/resources/app/extensions/docker/package.json'
[2021-08-13 23:19:59.760] [renderer1] [error] EACCES: permission denied, open '/usr/share/vscodium-bin/resources/app/extensions/javascript/package.json': Error: EACCES: permission denied, open '/usr/share/vscodium-bin/resources/app/extensions/javascript/package.json'
[2021-08-13 23:19:59.779] [renderer1] [error] EACCES: permission denied, open '/usr/share/vscodium-bin/resources/app/extensions/java/package.json': Error: EACCES: permission denied, open '/usr/share/vscodium-bin/resources/app/extensions/java/package.json'
[2021-08-13 23:19:59.780] [renderer1] [error] EACCES: permission denied, open '/usr/share/vscodium-bin/resources/app/extensions/log/package.json': Error: EACCES: permission denied, open '/usr/share/vscodium-bin/resources/app/extensions/log/package.json'
[2021-08-13 23:19:59.780] [renderer1] [error] EACCES: permission denied, open '/usr/share/vscodium-bin/resources/app/extensions/configuration-editing/package.json': Error: EACCES: permission denied, open '/usr/share/vscodium-bin/resources/app/extensions/configuration-editing/package.json'
[2021-08-13 23:19:59.784] [renderer1] [error] EACCES: permission denied, open '/usr/share/vscodium-bin/resources/app/extensions/debug-auto-launch/package.json': Error: EACCES: permission denied, open '/usr/share/vscodium-bin/resources/app/extensions/debug-auto-launch/package.json'
[2021-08-13 23:19:59.786] [renderer1] [error] EACCES: permission denied, open '/usr/share/vscodium-bin/resources/app/extensions/make/package.json': Error: EACCES: permission denied, open '/usr/share/vscodium-bin/resources/app/extensions/make/package.json'
[2021-08-13 23:19:59.787] [renderer1] [error] EACCES: permission denied, open '/usr/share/vscodium-bin/resources/app/extensions/less/package.json': Error: EACCES: permission denied, open '/usr/share/vscodium-bin/resources/app/extensions/less/package.json'
[2021-08-13 23:19:59.788] [renderer1] [error] EACCES: permission denied, open '/usr/share/vscodium-bin/resources/app/extensions/handlebars/package.json': Error: EACCES: permission denied, open '/usr/share/vscodium-bin/resources/app/extensions/handlebars/package.json'
[2021-08-13 23:19:59.789] [renderer1] [error] EACCES: permission denied, open '/usr/share/vscodium-bin/resources/app/extensions/go/package.json': Error: EACCES: permission denied, open '/usr/share/vscodium-bin/resources/app/extensions/go/package.json'
[2021-08-13 23:19:59.793] [renderer1] [error] EACCES: permission denied, open '/usr/share/vscodium-bin/resources/app/extensions/bat/package.json': Error: EACCES: permission denied, open '/usr/share/vscodium-bin/resources/app/extensions/bat/package.json'
[2021-08-13 23:19:59.794] [renderer1] [error] EACCES: permission denied, open '/usr/share/vscodium-bin/resources/app/extensions/clojure/package.json': Error: EACCES: permission denied, open '/usr/share/vscodium-bin/resources/app/extensions/clojure/package.json'
[2021-08-13 23:19:59.795] [renderer1] [error] EACCES: permission denied, open '/usr/share/vscodium-bin/resources/app/extensions/coffeescript/package.json': Error: EACCES: permission denied, open '/usr/share/vscodium-bin/resources/app/extensions/coffeescript/package.json'
[2021-08-13 23:19:59.795] [renderer1] [error] EACCES: permission denied, open '/usr/share/vscodium-bin/resources/app/extensions/emmet/package.json': Error: EACCES: permission denied, open '/usr/share/vscodium-bin/resources/app/extensions/emmet/package.json'
[2021-08-13 23:19:59.796] [renderer1] [error] EACCES: permission denied, open '/usr/share/vscodium-bin/resources/app/extensions/groovy/package.json': Error: EACCES: permission denied, open '/usr/share/vscodium-bin/resources/app/extensions/groovy/package.json'
[2021-08-13 23:19:59.796] [renderer1] [error] EACCES: permission denied, open '/usr/share/vscodium-bin/resources/app/extensions/grunt/package.json': Error: EACCES: permission denied, open '/usr/share/vscodium-bin/resources/app/extensions/grunt/package.json'
[2021-08-13 23:19:59.797] [renderer1] [error] EACCES: permission denied, open '/usr/share/vscodium-bin/resources/app/extensions/gulp/package.json': Error: EACCES: permission denied, open '/usr/share/vscodium-bin/resources/app/extensions/gulp/package.json'
[2021-08-13 23:19:59.797] [renderer1] [error] EACCES: permission denied, open '/usr/share/vscodium-bin/resources/app/extensions/jake/package.json': Error: EACCES: permission denied, open '/usr/share/vscodium-bin/resources/app/extensions/jake/package.json'
[2021-08-13 23:19:59.798] [renderer1] [error] EACCES: permission denied, open '/usr/share/vscodium-bin/resources/app/extensions/shellscript/package.json': Error: EACCES: permission denied, open '/usr/share/vscodium-bin/resources/app/extensions/shellscript/package.json'
[2021-08-13 23:19:59.800] [renderer1] [error] EACCES: permission denied, open '/usr/share/vscodium-bin/resources/app/extensions/xml/package.json': Error: EACCES: permission denied, open '/usr/share/vscodium-bin/resources/app/extensions/xml/package.json'
[2021-08-13 23:19:59.800] [renderer1] [error] EACCES: permission denied, open '/usr/share/vscodium-bin/resources/app/extensions/ini/package.json': Error: EACCES: permission denied, open '/usr/share/vscodium-bin/resources/app/extensions/ini/package.json'
[2021-08-13 23:19:59.801] [renderer1] [error] EACCES: permission denied, open '/usr/share/vscodium-bin/resources/app/extensions/python/package.json': Error: EACCES: permission denied, open '/usr/share/vscodium-bin/resources/app/extensions/python/package.json'
[2021-08-13 23:19:59.802] [renderer1] [error] EACCES: permission denied, open '/usr/share/vscodium-bin/resources/app/extensions/csharp/package.json': Error: EACCES: permission denied, open '/usr/share/vscodium-bin/resources/app/extensions/csharp/package.json'
[2021-08-13 23:19:59.804] [renderer1] [error] EACCES: permission denied, open '/usr/share/vscodium-bin/resources/app/extensions/lua/package.json': Error: EACCES: permission denied, open '/usr/share/vscodium-bin/resources/app/extensions/lua/package.json'
[2021-08-13 23:19:59.805] [renderer1] [error] EACCES: permission denied, open '/usr/share/vscodium-bin/resources/app/extensions/fsharp/package.json': Error: EACCES: permission denied, open '/usr/share/vscodium-bin/resources/app/extensions/fsharp/package.json'
[2021-08-13 23:19:59.806] [renderer1] [error] EACCES: permission denied, open '/usr/share/vscodium-bin/resources/app/extensions/hlsl/package.json': Error: EACCES: permission denied, open '/usr/share/vscodium-bin/resources/app/extensions/hlsl/package.json'
[2021-08-13 23:19:59.808] [renderer1] [error] EACCES: permission denied, open '/usr/share/vscodium-bin/resources/app/extensions/typescript-basics/package.json': Error: EACCES: permission denied, open '/usr/share/vscodium-bin/resources/app/extensions/typescript-basics/package.json'
[2021-08-13 23:19:59.809] [renderer1] [error] EACCES: permission denied, open '/usr/share/vscodium-bin/resources/app/extensions/merge-conflict/package.json': Error: EACCES: permission denied, open '/usr/share/vscodium-bin/resources/app/extensions/merge-conflict/package.json'
[2021-08-13 23:19:59.810] [renderer1] [error] EACCES: permission denied, open '/usr/share/vscodium-bin/resources/app/extensions/typescript-language-features/package.json': Error: EACCES: permission denied, open '/usr/share/vscodium-bin/resources/app/extensions/typescript-language-features/package.json'
[2021-08-13 23:19:59.812] [renderer1] [error] EACCES: permission denied, open '/usr/share/vscodium-bin/resources/app/extensions/theme-monokai/package.json': Error: EACCES: permission denied, open '/usr/share/vscodium-bin/resources/app/extensions/theme-monokai/package.json'
[2021-08-13 23:19:59.813] [renderer1] [error] EACCES: permission denied, open '/usr/share/vscodium-bin/resources/app/extensions/sql/package.json': Error: EACCES: permission denied, open '/usr/share/vscodium-bin/resources/app/extensions/sql/package.json'
[2021-08-13 23:19:59.814] [renderer1] [error] EACCES: permission denied, open '/usr/share/vscodium-bin/resources/app/extensions/theme-solarized-dark/package.json': Error: EACCES: permission denied, open '/usr/share/vscodium-bin/resources/app/extensions/theme-solarized-dark/package.json'
[2021-08-13 23:19:59.814] [renderer1] [error] EACCES: permission denied, open '/usr/share/vscodium-bin/resources/app/extensions/powershell/package.json': Error: EACCES: permission denied, open '/usr/share/vscodium-bin/resources/app/extensions/powershell/package.json'
[2021-08-13 23:19:59.815] [renderer1] [error] EACCES: permission denied, open '/usr/share/vscodium-bin/resources/app/extensions/theme-defaults/package.json': Error: EACCES: permission denied, open '/usr/share/vscodium-bin/resources/app/extensions/theme-defaults/package.json'
[2021-08-13 23:19:59.815] [renderer1] [error] EACCES: permission denied, open '/usr/share/vscodium-bin/resources/app/extensions/theme-quietlight/package.json': Error: EACCES: permission denied, open '/usr/share/vscodium-bin/resources/app/extensions/theme-quietlight/package.json'
[2021-08-13 23:20:40.974] [renderer1] [error] EACCES: permission denied, open '/usr/share/vscodium-bin/resources/app/extensions/theme-seti/package.json': Error: EACCES: permission denied, open '/usr/share/vscodium-bin/resources/app/extensions/theme-seti/package.json'
[2021-08-13 23:21:21.127] [renderer1] [error] EACCES: permission denied, open '/usr/share/vscodium-bin/resources/app/extensions/json-language-features/package.json': Error: EACCES: permission denied, open '/usr/share/vscodium-bin/resources/app/extensions/json-language-features/package.json'
[2021-08-13 23:21:21.142] [renderer1] [error] EACCES: permission denied, open '/usr/share/vscodium-bin/resources/app/extensions/json/package.json': Error: EACCES: permission denied, open '/usr/share/vscodium-bin/resources/app/extensions/json/package.json'
[2021-08-13 23:21:21.143] [renderer1] [error] EACCES: permission denied, open '/usr/share/vscodium-bin/resources/app/extensions/html-language-features/package.json': Error: EACCES: permission denied, open '/usr/share/vscodium-bin/resources/app/extensions/html-language-features/package.json'
[2021-08-13 23:21:21.145] [renderer1] [error] EACCES: permission denied, open '/usr/share/vscodium-bin/resources/app/extensions/yaml/package.json': Error: EACCES: permission denied, open '/usr/share/vscodium-bin/resources/app/extensions/yaml/package.json'
[2021-08-13 23:21:21.149] [renderer1] [error] EACCES: permission denied, open '/usr/share/vscodium-bin/resources/app/extensions/cpp/package.json': Error: EACCES: permission denied, open '/usr/share/vscodium-bin/resources/app/extensions/cpp/package.json'
[2021-08-13 23:21:21.151] [renderer1] [error] EACCES: permission denied, open '/usr/share/vscodium-bin/resources/app/extensions/html/package.json': Error: EACCES: permission denied, open '/usr/share/vscodium-bin/resources/app/extensions/html/package.json'
[2021-08-13 23:21:21.152] [renderer1] [error] EACCES: permission denied, open '/usr/share/vscodium-bin/resources/app/extensions/css/package.json': Error: EACCES: permission denied, open '/usr/share/vscodium-bin/resources/app/extensions/css/package.json'
[2021-08-13 23:21:21.153] [renderer1] [error] EACCES: permission denied, open '/usr/share/vscodium-bin/resources/app/extensions/markdown-basics/package.json': Error: EACCES: permission denied, open '/usr/share/vscodium-bin/resources/app/extensions/markdown-basics/package.json'
[2021-08-13 23:21:21.153] [renderer1] [error] EACCES: permission denied, open '/usr/share/vscodium-bin/resources/app/extensions/docker/package.json': Error: EACCES: permission denied, open '/usr/share/vscodium-bin/resources/app/extensions/docker/package.json'
[2021-08-13 23:21:21.154] [renderer1] [error] EACCES: permission denied, open '/usr/share/vscodium-bin/resources/app/extensions/javascript/package.json': Error: EACCES: permission denied, open '/usr/share/vscodium-bin/resources/app/extensions/javascript/package.json'
[2021-08-13 23:21:21.154] [renderer1] [error] EACCES: permission denied, open '/usr/share/vscodium-bin/resources/app/extensions/java/package.json': Error: EACCES: permission denied, open '/usr/share/vscodium-bin/resources/app/extensions/java/package.json'
[2021-08-13 23:21:21.155] [renderer1] [error] EACCES: permission denied, open '/usr/share/vscodium-bin/resources/app/extensions/log/package.json': Error: EACCES: permission denied, open '/usr/share/vscodium-bin/resources/app/extensions/log/package.json'
[2021-08-13 23:21:21.155] [renderer1] [error] EACCES: permission denied, open '/usr/share/vscodium-bin/resources/app/extensions/configuration-editing/package.json': Error: EACCES: permission denied, open '/usr/share/vscodium-bin/resources/app/extensions/configuration-editing/package.json'
[2021-08-13 23:21:21.156] [renderer1] [error] EACCES: permission denied, open '/usr/share/vscodium-bin/resources/app/extensions/debug-auto-launch/package.json': Error: EACCES: permission denied, open '/usr/share/vscodium-bin/resources/app/extensions/debug-auto-launch/package.json'
[2021-08-13 23:21:21.157] [renderer1] [error] EACCES: permission denied, open '/usr/share/vscodium-bin/resources/app/extensions/make/package.json': Error: EACCES: permission denied, open '/usr/share/vscodium-bin/resources/app/extensions/make/package.json'
[2021-08-13 23:21:21.157] [renderer1] [error] EACCES: permission denied, open '/usr/share/vscodium-bin/resources/app/extensions/less/package.json': Error: EACCES: permission denied, open '/usr/share/vscodium-bin/resources/app/extensions/less/package.json'
[2021-08-13 23:21:21.158] [renderer1] [error] EACCES: permission denied, open '/usr/share/vscodium-bin/resources/app/extensions/handlebars/package.json': Error: EACCES: permission denied, open '/usr/share/vscodium-bin/resources/app/extensions/handlebars/package.json'
[2021-08-13 23:21:21.158] [renderer1] [error] EACCES: permission denied, open '/usr/share/vscodium-bin/resources/app/extensions/go/package.json': Error: EACCES: permission denied, open '/usr/share/vscodium-bin/resources/app/extensions/go/package.json'
[2021-08-13 23:21:21.159] [renderer1] [error] EACCES: permission denied, open '/usr/share/vscodium-bin/resources/app/extensions/bat/package.json': Error: EACCES: permission denied, open '/usr/share/vscodium-bin/resources/app/extensions/bat/package.json'
[2021-08-13 23:21:21.159] [renderer1] [error] EACCES: permission denied, open '/usr/share/vscodium-bin/resources/app/extensions/clojure/package.json': Error: EACCES: permission denied, open '/usr/share/vscodium-bin/resources/app/extensions/clojure/package.json'
[2021-08-13 23:21:21.160] [renderer1] [error] EACCES: permission denied, open '/usr/share/vscodium-bin/resources/app/extensions/coffeescript/package.json': Error: EACCES: permission denied, open '/usr/share/vscodium-bin/resources/app/extensions/coffeescript/package.json'
[2021-08-13 23:21:21.161] [renderer1] [error] EACCES: permission denied, open '/usr/share/vscodium-bin/resources/app/extensions/emmet/package.json': Error: EACCES: permission denied, open '/usr/share/vscodium-bin/resources/app/extensions/emmet/package.json'
[2021-08-13 23:21:21.163] [renderer1] [error] EACCES: permission denied, open '/usr/share/vscodium-bin/resources/app/extensions/groovy/package.json': Error: EACCES: permission denied, open '/usr/share/vscodium-bin/resources/app/extensions/groovy/package.json'
[2021-08-13 23:21:21.165] [renderer1] [error] EACCES: permission denied, open '/usr/share/vscodium-bin/resources/app/extensions/grunt/package.json': Error: EACCES: permission denied, open '/usr/share/vscodium-bin/resources/app/extensions/grunt/package.json'
[2021-08-13 23:21:21.167] [renderer1] [error] EACCES: permission denied, open '/usr/share/vscodium-bin/resources/app/extensions/gulp/package.json': Error: EACCES: permission denied, open '/usr/share/vscodium-bin/resources/app/extensions/gulp/package.json'
[2021-08-13 23:21:21.168] [renderer1] [error] EACCES: permission denied, open '/usr/share/vscodium-bin/resources/app/extensions/jake/package.json': Error: EACCES: permission denied, open '/usr/share/vscodium-bin/resources/app/extensions/jake/package.json'
[2021-08-13 23:21:21.169] [renderer1] [error] EACCES: permission denied, open '/usr/share/vscodium-bin/resources/app/extensions/shellscript/package.json': Error: EACCES: permission denied, open '/usr/share/vscodium-bin/resources/app/extensions/shellscript/package.json'
[2021-08-13 23:21:21.170] [renderer1] [error] EACCES: permission denied, open '/usr/share/vscodium-bin/resources/app/extensions/xml/package.json': Error: EACCES: permission denied, open '/usr/share/vscodium-bin/resources/app/extensions/xml/package.json'
[2021-08-13 23:21:21.171] [renderer1] [error] EACCES: permission denied, open '/usr/share/vscodium-bin/resources/app/extensions/ini/package.json': Error: EACCES: permission denied, open '/usr/share/vscodium-bin/resources/app/extensions/ini/package.json'
[2021-08-13 23:21:21.173] [renderer1] [error] EACCES: permission denied, open '/usr/share/vscodium-bin/resources/app/extensions/python/package.json': Error: EACCES: permission denied, open '/usr/share/vscodium-bin/resources/app/extensions/python/package.json'
[2021-08-13 23:21:21.174] [renderer1] [error] EACCES: permission denied, open '/usr/share/vscodium-bin/resources/app/extensions/csharp/package.json': Error: EACCES: permission denied, open '/usr/share/vscodium-bin/resources/app/extensions/csharp/package.json'
[2021-08-13 23:21:21.175] [renderer1] [error] EACCES: permission denied, open '/usr/share/vscodium-bin/resources/app/extensions/lua/package.json': Error: EACCES: permission denied, open '/usr/share/vscodium-bin/resources/app/extensions/lua/package.json'
[2021-08-13 23:21:21.175] [renderer1] [error] EACCES: permission denied, open '/usr/share/vscodium-bin/resources/app/extensions/fsharp/package.json': Error: EACCES: permission denied, open '/usr/share/vscodium-bin/resources/app/extensions/fsharp/package.json'
[2021-08-13 23:21:21.176] [renderer1] [error] EACCES: permission denied, open '/usr/share/vscodium-bin/resources/app/extensions/hlsl/package.json': Error: EACCES: permission denied, open '/usr/share/vscodium-bin/resources/app/extensions/hlsl/package.json'
[2021-08-13 23:21:21.177] [renderer1] [error] EACCES: permission denied, open '/usr/share/vscodium-bin/resources/app/extensions/typescript-basics/package.json': Error: EACCES: permission denied, open '/usr/share/vscodium-bin/resources/app/extensions/typescript-basics/package.json'
[2021-08-13 23:21:21.178] [renderer1] [error] EACCES: permission denied, open '/usr/share/vscodium-bin/resources/app/extensions/merge-conflict/package.json': Error: EACCES: permission denied, open '/usr/share/vscodium-bin/resources/app/extensions/merge-conflict/package.json'
[2021-08-13 23:21:21.179] [renderer1] [error] EACCES: permission denied, open '/usr/share/vscodium-bin/resources/app/extensions/typescript-language-features/package.json': Error: EACCES: permission denied, open '/usr/share/vscodium-bin/resources/app/extensions/typescript-language-features/package.json'
[2021-08-13 23:21:21.180] [renderer1] [error] EACCES: permission denied, open '/usr/share/vscodium-bin/resources/app/extensions/theme-monokai/package.json': Error: EACCES: permission denied, open '/usr/share/vscodium-bin/resources/app/extensions/theme-monokai/package.json'
[2021-08-13 23:21:21.181] [renderer1] [error] EACCES: permission denied, open '/usr/share/vscodium-bin/resources/app/extensions/sql/package.json': Error: EACCES: permission denied, open '/usr/share/vscodium-bin/resources/app/extensions/sql/package.json'
[2021-08-13 23:21:21.190] [renderer1] [error] EACCES: permission denied, open '/usr/share/vscodium-bin/resources/app/extensions/theme-solarized-dark/package.json': Error: EACCES: permission denied, open '/usr/share/vscodium-bin/resources/app/extensions/theme-solarized-dark/package.json'
[2021-08-13 23:21:21.190] [renderer1] [error] EACCES: permission denied, open '/usr/share/vscodium-bin/resources/app/extensions/powershell/package.json': Error: EACCES: permission denied, open '/usr/share/vscodium-bin/resources/app/extensions/powershell/package.json'
[2021-08-13 23:21:21.191] [renderer1] [error] EACCES: permission denied, open '/usr/share/vscodium-bin/resources/app/extensions/theme-defaults/package.json': Error: EACCES: permission denied, open '/usr/share/vscodium-bin/resources/app/extensions/theme-defaults/package.json'
[2021-08-13 23:21:21.191] [renderer1] [error] EACCES: permission denied, open '/usr/share/vscodium-bin/resources/app/extensions/theme-quietlight/package.json': Error: EACCES: permission denied, open '/usr/share/vscodium-bin/resources/app/extensions/theme-quietlight/package.json'
[2021-08-13 23:21:24.435] [renderer1] [error] EACCES: permission denied, open '/usr/share/vscodium-bin/resources/app/extensions/debug-server-ready/package.json': Error: EACCES: permission denied, open '/usr/share/vscodium-bin/resources/app/extensions/debug-server-ready/package.json'
