[2021-08-13 16:10:08.837] [exthost] [info] extension host started
[2021-08-13 16:10:08.863] [exthost] [info] Lock '/home/vedant/.config/Code - OSS/User/workspaceStorage/d6f8ba9b3cfcd8bbad62b01add2a02eb/vscode.lock': Lock acquired.
[2021-08-13 16:10:08.932] [exthost] [info] ExtensionService#_doActivateExtension vscode.debug-auto-launch {"startup":true,"extensionId":{"value":"vscode.debug-auto-launch","_lower":"vscode.debug-auto-launch"},"activationEvent":"*"}
[2021-08-13 16:10:08.933] [exthost] [info] ExtensionService#loadCommonJSModule file:///usr/lib/code/extensions/debug-auto-launch/dist/extension
[2021-08-13 16:10:09.027] [exthost] [info] ExtensionService#_doActivateExtension vscode.git {"startup":true,"extensionId":{"value":"vscode.github","_lower":"vscode.github"},"activationEvent":"*"}
[2021-08-13 16:10:09.027] [exthost] [info] ExtensionService#loadCommonJSModule file:///usr/lib/code/extensions/git/dist/main
[2021-08-13 16:10:09.476] [exthost] [info] ExtensionService#_doActivateExtension ms-vscode.js-debug {"startup":false,"extensionId":{"value":"ms-vscode.js-debug","_lower":"ms-vscode.js-debug"},"activationEvent":"onCommand:extension.js-debug.clearAutoAttachVariables"}
[2021-08-13 16:10:09.476] [exthost] [info] ExtensionService#loadCommonJSModule file:///usr/lib/code/extensions/ms-vscode.js-debug/src/extension.js
[2021-08-13 16:10:10.834] [exthost] [info] extension host terminating: renderer closed the socket
[2021-08-13 16:10:10.835] [exthost] [info] Lock '/home/vedant/.config/Code - OSS/User/workspaceStorage/d6f8ba9b3cfcd8bbad62b01add2a02eb/vscode.lock': Marking the lockfile as scheduled to be released in 6000 ms.
[2021-08-13 16:10:10.837] [exthost] [error] Activating extension ms-vscode.js-debug failed due to an error:
[2021-08-13 16:10:10.837] [exthost] [error] Canceled: Canceled
	at Object.i [as canceled] (/usr/lib/code/out/vs/workbench/services/extensions/node/extensionHostProcess.js:5:1157)
	at /usr/lib/code/out/vs/workbench/services/extensions/node/extensionHostProcess.js:88:8146
	at Array.forEach (<anonymous>)
	at u.dispose (/usr/lib/code/out/vs/workbench/services/extensions/node/extensionHostProcess.js:88:8094)
	at b.terminate (/usr/lib/code/out/vs/workbench/services/extensions/node/extensionHostProcess.js:93:682)
	at h (/usr/lib/code/out/vs/workbench/services/extensions/node/extensionHostProcess.js:103:31703)
	at Socket.<anonymous> (/usr/lib/code/out/vs/workbench/services/extensions/node/extensionHostProcess.js:103:29468)
	at Socket.emit (events.js:327:22)
	at Pipe.<anonymous> (net.js:673:12)
[2021-08-13 16:10:10.901] [exthost] [error] Activating extension vscode.github failed due to an error:
[2021-08-13 16:10:10.902] [exthost] [error] Canceled: Canceled
	at Object.i [as canceled] (/usr/lib/code/out/vs/workbench/services/extensions/node/extensionHostProcess.js:5:1157)
	at u._remoteCall (/usr/lib/code/out/vs/workbench/services/extensions/node/extensionHostProcess.js:88:12817)
	at Proxy._.<computed>.D.charCodeAt._.<computed> (/usr/lib/code/out/vs/workbench/services/extensions/node/extensionHostProcess.js:88:9349)
	at c._activateExtension (/usr/lib/code/out/vs/workbench/services/extensions/node/extensionHostProcess.js:89:11613)
	at Object.actualActivateExtension (/usr/lib/code/out/vs/workbench/services/extensions/node/extensionHostProcess.js:89:9202)
	at d._activateExtension (/usr/lib/code/out/vs/workbench/services/extensions/node/extensionHostProcess.js:84:97724)
	at /usr/lib/code/out/vs/workbench/services/extensions/node/extensionHostProcess.js:84:97406
	at Array.map (<anonymous>)
	at d._activateExtensions (/usr/lib/code/out/vs/workbench/services/extensions/node/extensionHostProcess.js:84:97394)
	at /usr/lib/code/out/vs/workbench/services/extensions/node/extensionHostProcess.js:84:97495
	at async Promise.all (index 0)
[2021-08-13 16:10:10.903] [exthost] [info] eager extensions activated
[2021-08-13 16:10:10.904] [exthost] [error] Activating extension vscode.emmet failed due to an error:
[2021-08-13 16:10:10.904] [exthost] [error] Canceled: Canceled
	at Object.i [as canceled] (/usr/lib/code/out/vs/workbench/services/extensions/node/extensionHostProcess.js:5:1157)
	at u._remoteCall (/usr/lib/code/out/vs/workbench/services/extensions/node/extensionHostProcess.js:88:12817)
	at Proxy._.<computed>.D.charCodeAt._.<computed> (/usr/lib/code/out/vs/workbench/services/extensions/node/extensionHostProcess.js:88:9349)
	at c._activateExtension (/usr/lib/code/out/vs/workbench/services/extensions/node/extensionHostProcess.js:89:11613)
	at Object.actualActivateExtension (/usr/lib/code/out/vs/workbench/services/extensions/node/extensionHostProcess.js:89:9202)
	at d._activateExtension (/usr/lib/code/out/vs/workbench/services/extensions/node/extensionHostProcess.js:84:97724)
	at /usr/lib/code/out/vs/workbench/services/extensions/node/extensionHostProcess.js:84:97406
	at Array.map (<anonymous>)
	at d._activateExtensions (/usr/lib/code/out/vs/workbench/services/extensions/node/extensionHostProcess.js:84:97394)
	at d.activateById (/usr/lib/code/out/vs/workbench/services/extensions/node/extensionHostProcess.js:84:95024)
	at c._activateById (/usr/lib/code/out/vs/workbench/services/extensions/node/extensionHostProcess.js:89:10204)
	at c._activateOneStartupFinished (/usr/lib/code/out/vs/workbench/services/extensions/node/extensionHostProcess.js:89:15096)
	at c._activateAllStartupFinished (/usr/lib/code/out/vs/workbench/services/extensions/node/extensionHostProcess.js:89:15467)
	at /usr/lib/code/out/vs/workbench/services/extensions/node/extensionHostProcess.js:89:15956
[2021-08-13 16:10:10.904] [exthost] [error] Activating extension vscode.merge-conflict failed due to an error:
[2021-08-13 16:10:10.904] [exthost] [error] Canceled: Canceled
	at Object.i [as canceled] (/usr/lib/code/out/vs/workbench/services/extensions/node/extensionHostProcess.js:5:1157)
	at u._remoteCall (/usr/lib/code/out/vs/workbench/services/extensions/node/extensionHostProcess.js:88:12817)
	at Proxy._.<computed>.D.charCodeAt._.<computed> (/usr/lib/code/out/vs/workbench/services/extensions/node/extensionHostProcess.js:88:9349)
	at c._activateExtension (/usr/lib/code/out/vs/workbench/services/extensions/node/extensionHostProcess.js:89:11613)
	at Object.actualActivateExtension (/usr/lib/code/out/vs/workbench/services/extensions/node/extensionHostProcess.js:89:9202)
	at d._activateExtension (/usr/lib/code/out/vs/workbench/services/extensions/node/extensionHostProcess.js:84:97724)
	at /usr/lib/code/out/vs/workbench/services/extensions/node/extensionHostProcess.js:84:97406
	at Array.map (<anonymous>)
	at d._activateExtensions (/usr/lib/code/out/vs/workbench/services/extensions/node/extensionHostProcess.js:84:97394)
	at d.activateById (/usr/lib/code/out/vs/workbench/services/extensions/node/extensionHostProcess.js:84:95024)
	at c._activateById (/usr/lib/code/out/vs/workbench/services/extensions/node/extensionHostProcess.js:89:10204)
	at c._activateOneStartupFinished (/usr/lib/code/out/vs/workbench/services/extensions/node/extensionHostProcess.js:89:15096)
	at c._activateAllStartupFinished (/usr/lib/code/out/vs/workbench/services/extensions/node/extensionHostProcess.js:89:15467)
	at /usr/lib/code/out/vs/workbench/services/extensions/node/extensionHostProcess.js:89:15956
[2021-08-13 16:10:10.904] [exthost] [error] Activating extension vscode.testing-editor-contributions failed due to an error:
[2021-08-13 16:10:10.904] [exthost] [error] Canceled: Canceled
	at Object.i [as canceled] (/usr/lib/code/out/vs/workbench/services/extensions/node/extensionHostProcess.js:5:1157)
	at u._remoteCall (/usr/lib/code/out/vs/workbench/services/extensions/node/extensionHostProcess.js:88:12817)
	at Proxy._.<computed>.D.charCodeAt._.<computed> (/usr/lib/code/out/vs/workbench/services/extensions/node/extensionHostProcess.js:88:9349)
	at c._activateExtension (/usr/lib/code/out/vs/workbench/services/extensions/node/extensionHostProcess.js:89:11613)
	at Object.actualActivateExtension (/usr/lib/code/out/vs/workbench/services/extensions/node/extensionHostProcess.js:89:9202)
	at d._activateExtension (/usr/lib/code/out/vs/workbench/services/extensions/node/extensionHostProcess.js:84:97724)
	at /usr/lib/code/out/vs/workbench/services/extensions/node/extensionHostProcess.js:84:97406
	at Array.map (<anonymous>)
	at d._activateExtensions (/usr/lib/code/out/vs/workbench/services/extensions/node/extensionHostProcess.js:84:97394)
	at d.activateById (/usr/lib/code/out/vs/workbench/services/extensions/node/extensionHostProcess.js:84:95024)
	at c._activateById (/usr/lib/code/out/vs/workbench/services/extensions/node/extensionHostProcess.js:89:10204)
	at c._activateOneStartupFinished (/usr/lib/code/out/vs/workbench/services/extensions/node/extensionHostProcess.js:89:15096)
	at c._activateAllStartupFinished (/usr/lib/code/out/vs/workbench/services/extensions/node/extensionHostProcess.js:89:15467)
	at /usr/lib/code/out/vs/workbench/services/extensions/node/extensionHostProcess.js:89:15956
[2021-08-13 16:10:11.004] [exthost] [error] ProxyResolver#resolveProxy Canceled: Canceled
	at Object.i [as canceled] (/usr/lib/code/out/vs/workbench/services/extensions/node/extensionHostProcess.js:5:1157)
	at u._remoteCall (/usr/lib/code/out/vs/workbench/services/extensions/node/extensionHostProcess.js:88:12817)
	at Proxy._.<computed>.D.charCodeAt._.<computed> (/usr/lib/code/out/vs/workbench/services/extensions/node/extensionHostProcess.js:88:9349)
	at D.resolveProxy (/usr/lib/code/out/vs/workbench/services/extensions/node/extensionHostProcess.js:88:36547)
	at Object.resolveProxy (/usr/lib/code/out/vs/workbench/services/extensions/node/extensionHostProcess.js:93:57068)
	at useProxySettings (/usr/lib/code/node_modules.asar/vscode-proxy-agent/out/index.js:159:16)
	at /usr/lib/code/node_modules.asar/vscode-proxy-agent/out/index.js:107:13
	at /usr/lib/code/node_modules.asar/vscode-proxy-agent/out/index.js:335:13 
[2021-08-13 16:10:11.836] [exthost] [info] exiting with code 0
