[2021-08-13 23:19:48.285] [sharedprocess] [info] [logs cleanup]: Starting to clean up old logs.
[2021-08-13 23:20:05.649] [sharedprocess] [info] Installing extension: esbenp.prettier-vscode
[2021-08-13 23:20:08.286] [sharedprocess] [info] [code cache cleanup]: Starting to clean up old code cache folders.
[2021-08-13 23:20:08.287] [sharedprocess] [info] [storage cleanup]: Starting to clean up storage folders.
[2021-08-13 23:20:09.029] [sharedprocess] [info] Downloaded extension: esbenp.prettier-vscode /home/vedant/.config/VSCodium/CachedExtensionVSIXs/esbenp.prettier-vscode-8.1.0
[2021-08-13 23:20:10.038] [sharedprocess] [info] Extracted extension to /home/vedant/.vscode-oss/extensions/.9eee4d3a-57c5-46ff-9472-0348a71bd4f6: esbenp.prettier-vscode
[2021-08-13 23:20:10.129] [sharedprocess] [info] Renamed to /home/vedant/.vscode-oss/extensions/esbenp.prettier-vscode-8.1.0
[2021-08-13 23:20:10.134] [sharedprocess] [info] Extracting completed. esbenp.prettier-vscode
[2021-08-13 23:20:10.219] [sharedprocess] [info] Extension installed successfully: esbenp.prettier-vscode
[2021-08-13 23:20:18.285] [sharedprocess] [info] [language pack cache cleanup]: Starting to clean up unused language packs.
[2021-08-13 23:20:21.061] [sharedprocess] [info] Installing extension: arcticicestudio.nord-visual-studio-code
[2021-08-13 23:20:24.605] [sharedprocess] [info] Downloaded extension: arcticicestudio.nord-visual-studio-code /home/vedant/.config/VSCodium/CachedExtensionVSIXs/arcticicestudio.nord-visual-studio-code-0.15.0
[2021-08-13 23:20:24.650] [sharedprocess] [info] Extracted extension to /home/vedant/.vscode-oss/extensions/.ea6c4454-d801-4dd1-a8f0-296d045b5c0a: arcticicestudio.nord-visual-studio-code
[2021-08-13 23:20:24.723] [sharedprocess] [info] Renamed to /home/vedant/.vscode-oss/extensions/arcticicestudio.nord-visual-studio-code-0.15.0
[2021-08-13 23:20:24.727] [sharedprocess] [info] Extracting completed. arcticicestudio.nord-visual-studio-code
[2021-08-13 23:20:24.801] [sharedprocess] [info] Extension installed successfully: arcticicestudio.nord-visual-studio-code
[2021-08-13 23:20:58.760] [sharedprocess] [info] Installing extension: pkief.material-icon-theme
[2021-08-13 23:21:04.046] [sharedprocess] [info] Downloaded extension: pkief.material-icon-theme /home/vedant/.config/VSCodium/CachedExtensionVSIXs/pkief.material-icon-theme-4.9.0
[2021-08-13 23:21:05.635] [sharedprocess] [info] Extracted extension to /home/vedant/.vscode-oss/extensions/.4e39d20c-90f8-44b4-bd63-88586f041370: pkief.material-icon-theme
[2021-08-13 23:21:05.718] [sharedprocess] [info] Renamed to /home/vedant/.vscode-oss/extensions/pkief.material-icon-theme-4.9.0
[2021-08-13 23:21:05.721] [sharedprocess] [info] Extracting completed. pkief.material-icon-theme
[2021-08-13 23:21:05.804] [sharedprocess] [info] Extension installed successfully: pkief.material-icon-theme
[2021-08-13 23:21:27.417] [sharedprocess] [info] Installing extension: ritwickdey.liveserver
[2021-08-13 23:21:36.223] [sharedprocess] [info] Downloaded extension: ritwickdey.liveserver /home/vedant/.config/VSCodium/CachedExtensionVSIXs/ritwickdey.liveserver-5.6.1
[2021-08-13 23:21:40.141] [sharedprocess] [info] Extracted extension to /home/vedant/.vscode-oss/extensions/.36bb02d1-8e8f-420f-a060-e973ed8aaf7c: ritwickdey.liveserver
[2021-08-13 23:21:40.263] [sharedprocess] [info] Renamed to /home/vedant/.vscode-oss/extensions/ritwickdey.liveserver-5.6.1
[2021-08-13 23:21:40.268] [sharedprocess] [info] Extracting completed. ritwickdey.liveserver
[2021-08-13 23:21:40.345] [sharedprocess] [info] Extension installed successfully: ritwickdey.liveserver
[2021-08-13 23:34:36.150] [sharedprocess] [warning] No ptyHost heartbeat after 6 seconds
