[2021-08-15 12:03:12.472] [exthost] [info] extension host started
[2021-08-15 12:03:12.539] [exthost] [info] Lock '/home/vedant/.config/Code - OSS/User/workspaceStorage/d6f8ba9b3cfcd8bbad62b01add2a02eb/vscode.lock': Lock acquired.
[2021-08-15 12:03:12.593] [exthost] [info] ExtensionService#_doActivateExtension vscode.debug-auto-launch {"startup":true,"extensionId":{"value":"vscode.debug-auto-launch","_lower":"vscode.debug-auto-launch"},"activationEvent":"*"}
[2021-08-15 12:03:12.594] [exthost] [info] ExtensionService#loadCommonJSModule file:///usr/lib/code/extensions/debug-auto-launch/dist/extension
[2021-08-15 12:03:12.839] [exthost] [info] ExtensionService#_doActivateExtension vscode.git {"startup":true,"extensionId":{"value":"vscode.github","_lower":"vscode.github"},"activationEvent":"*"}
[2021-08-15 12:03:12.840] [exthost] [info] ExtensionService#loadCommonJSModule file:///usr/lib/code/extensions/git/dist/main
[2021-08-15 12:03:13.113] [exthost] [info] ExtensionService#_doActivateExtension PKief.material-icon-theme {"startup":true,"extensionId":{"value":"PKief.material-icon-theme","_lower":"pkief.material-icon-theme"},"activationEvent":"*"}
[2021-08-15 12:03:13.113] [exthost] [info] ExtensionService#loadCommonJSModule file:///home/vedant/.vscode-oss/extensions/pkief.material-icon-theme-4.9.0/dist/extension
[2021-08-15 12:03:13.321] [exthost] [info] ExtensionService#_doActivateExtension ritwickdey.LiveServer {"startup":true,"extensionId":{"value":"ritwickdey.LiveServer","_lower":"ritwickdey.liveserver"},"activationEvent":"*"}
[2021-08-15 12:03:13.321] [exthost] [info] ExtensionService#loadCommonJSModule file:///home/vedant/.vscode-oss/extensions/ritwickdey.liveserver-5.6.1/out/src/extension
[2021-08-15 12:03:33.735] [exthost] [info] extension host terminating: renderer closed the socket
[2021-08-15 12:03:33.735] [exthost] [info] Lock '/home/vedant/.config/Code - OSS/User/workspaceStorage/d6f8ba9b3cfcd8bbad62b01add2a02eb/vscode.lock': Marking the lockfile as scheduled to be released in 6000 ms.
[2021-08-15 12:03:33.737] [exthost] [error] Activating extension vscode.debug-auto-launch failed due to an error:
[2021-08-15 12:03:33.737] [exthost] [error] Canceled: Canceled
	at Object.i [as canceled] (/usr/lib/code/out/vs/workbench/services/extensions/node/extensionHostProcess.js:5:1157)
	at /usr/lib/code/out/vs/workbench/services/extensions/node/extensionHostProcess.js:88:8146
	at Array.forEach (<anonymous>)
	at u.dispose (/usr/lib/code/out/vs/workbench/services/extensions/node/extensionHostProcess.js:88:8094)
	at b.terminate (/usr/lib/code/out/vs/workbench/services/extensions/node/extensionHostProcess.js:93:682)
	at h (/usr/lib/code/out/vs/workbench/services/extensions/node/extensionHostProcess.js:103:31703)
	at Socket.<anonymous> (/usr/lib/code/out/vs/workbench/services/extensions/node/extensionHostProcess.js:103:29468)
	at Socket.emit (events.js:327:22)
	at Pipe.<anonymous> (net.js:673:12)
[2021-08-15 12:03:33.738] [exthost] [error] Activating extension vscode.git failed due to an error:
[2021-08-15 12:03:33.738] [exthost] [error] Canceled: Canceled
	at Object.i [as canceled] (/usr/lib/code/out/vs/workbench/services/extensions/node/extensionHostProcess.js:5:1157)
	at /usr/lib/code/out/vs/workbench/services/extensions/node/extensionHostProcess.js:88:8146
	at Array.forEach (<anonymous>)
	at u.dispose (/usr/lib/code/out/vs/workbench/services/extensions/node/extensionHostProcess.js:88:8094)
	at b.terminate (/usr/lib/code/out/vs/workbench/services/extensions/node/extensionHostProcess.js:93:682)
	at h (/usr/lib/code/out/vs/workbench/services/extensions/node/extensionHostProcess.js:103:31703)
	at Socket.<anonymous> (/usr/lib/code/out/vs/workbench/services/extensions/node/extensionHostProcess.js:103:29468)
	at Socket.emit (events.js:327:22)
	at Pipe.<anonymous> (net.js:673:12)
[2021-08-15 12:03:33.738] [exthost] [error] Activating extension PKief.material-icon-theme failed due to an error:
[2021-08-15 12:03:33.738] [exthost] [error] Canceled: Canceled
	at Object.i [as canceled] (/usr/lib/code/out/vs/workbench/services/extensions/node/extensionHostProcess.js:5:1157)
	at /usr/lib/code/out/vs/workbench/services/extensions/node/extensionHostProcess.js:88:8146
	at Array.forEach (<anonymous>)
	at u.dispose (/usr/lib/code/out/vs/workbench/services/extensions/node/extensionHostProcess.js:88:8094)
	at b.terminate (/usr/lib/code/out/vs/workbench/services/extensions/node/extensionHostProcess.js:93:682)
	at h (/usr/lib/code/out/vs/workbench/services/extensions/node/extensionHostProcess.js:103:31703)
	at Socket.<anonymous> (/usr/lib/code/out/vs/workbench/services/extensions/node/extensionHostProcess.js:103:29468)
	at Socket.emit (events.js:327:22)
	at Pipe.<anonymous> (net.js:673:12)
[2021-08-15 12:03:33.738] [exthost] [error] Activating extension ritwickdey.LiveServer failed due to an error:
[2021-08-15 12:03:33.738] [exthost] [error] Canceled: Canceled
	at Object.i [as canceled] (/usr/lib/code/out/vs/workbench/services/extensions/node/extensionHostProcess.js:5:1157)
	at /usr/lib/code/out/vs/workbench/services/extensions/node/extensionHostProcess.js:88:8146
	at Array.forEach (<anonymous>)
	at u.dispose (/usr/lib/code/out/vs/workbench/services/extensions/node/extensionHostProcess.js:88:8094)
	at b.terminate (/usr/lib/code/out/vs/workbench/services/extensions/node/extensionHostProcess.js:93:682)
	at h (/usr/lib/code/out/vs/workbench/services/extensions/node/extensionHostProcess.js:103:31703)
	at Socket.<anonymous> (/usr/lib/code/out/vs/workbench/services/extensions/node/extensionHostProcess.js:103:29468)
	at Socket.emit (events.js:327:22)
	at Pipe.<anonymous> (net.js:673:12)
[2021-08-15 12:03:33.739] [exthost] [info] eager extensions activated
[2021-08-15 12:03:33.740] [exthost] [error] Activating extension vscode.emmet failed due to an error:
[2021-08-15 12:03:33.740] [exthost] [error] Canceled: Canceled
	at Object.i [as canceled] (/usr/lib/code/out/vs/workbench/services/extensions/node/extensionHostProcess.js:5:1157)
	at u._remoteCall (/usr/lib/code/out/vs/workbench/services/extensions/node/extensionHostProcess.js:88:12817)
	at Proxy._.<computed>.D.charCodeAt._.<computed> (/usr/lib/code/out/vs/workbench/services/extensions/node/extensionHostProcess.js:88:9349)
	at c._activateExtension (/usr/lib/code/out/vs/workbench/services/extensions/node/extensionHostProcess.js:89:11613)
	at Object.actualActivateExtension (/usr/lib/code/out/vs/workbench/services/extensions/node/extensionHostProcess.js:89:9202)
	at d._activateExtension (/usr/lib/code/out/vs/workbench/services/extensions/node/extensionHostProcess.js:84:97724)
	at /usr/lib/code/out/vs/workbench/services/extensions/node/extensionHostProcess.js:84:97406
	at Array.map (<anonymous>)
	at d._activateExtensions (/usr/lib/code/out/vs/workbench/services/extensions/node/extensionHostProcess.js:84:97394)
	at d.activateById (/usr/lib/code/out/vs/workbench/services/extensions/node/extensionHostProcess.js:84:95024)
	at c._activateById (/usr/lib/code/out/vs/workbench/services/extensions/node/extensionHostProcess.js:89:10204)
	at c._activateOneStartupFinished (/usr/lib/code/out/vs/workbench/services/extensions/node/extensionHostProcess.js:89:15096)
	at c._activateAllStartupFinished (/usr/lib/code/out/vs/workbench/services/extensions/node/extensionHostProcess.js:89:15467)
	at /usr/lib/code/out/vs/workbench/services/extensions/node/extensionHostProcess.js:89:15956
[2021-08-15 12:03:33.740] [exthost] [error] Activating extension vscode.merge-conflict failed due to an error:
[2021-08-15 12:03:33.740] [exthost] [error] Canceled: Canceled
	at Object.i [as canceled] (/usr/lib/code/out/vs/workbench/services/extensions/node/extensionHostProcess.js:5:1157)
	at u._remoteCall (/usr/lib/code/out/vs/workbench/services/extensions/node/extensionHostProcess.js:88:12817)
	at Proxy._.<computed>.D.charCodeAt._.<computed> (/usr/lib/code/out/vs/workbench/services/extensions/node/extensionHostProcess.js:88:9349)
	at c._activateExtension (/usr/lib/code/out/vs/workbench/services/extensions/node/extensionHostProcess.js:89:11613)
	at Object.actualActivateExtension (/usr/lib/code/out/vs/workbench/services/extensions/node/extensionHostProcess.js:89:9202)
	at d._activateExtension (/usr/lib/code/out/vs/workbench/services/extensions/node/extensionHostProcess.js:84:97724)
	at /usr/lib/code/out/vs/workbench/services/extensions/node/extensionHostProcess.js:84:97406
	at Array.map (<anonymous>)
	at d._activateExtensions (/usr/lib/code/out/vs/workbench/services/extensions/node/extensionHostProcess.js:84:97394)
	at d.activateById (/usr/lib/code/out/vs/workbench/services/extensions/node/extensionHostProcess.js:84:95024)
	at c._activateById (/usr/lib/code/out/vs/workbench/services/extensions/node/extensionHostProcess.js:89:10204)
	at c._activateOneStartupFinished (/usr/lib/code/out/vs/workbench/services/extensions/node/extensionHostProcess.js:89:15096)
	at c._activateAllStartupFinished (/usr/lib/code/out/vs/workbench/services/extensions/node/extensionHostProcess.js:89:15467)
	at /usr/lib/code/out/vs/workbench/services/extensions/node/extensionHostProcess.js:89:15956
[2021-08-15 12:03:33.740] [exthost] [error] Activating extension vscode.testing-editor-contributions failed due to an error:
[2021-08-15 12:03:33.740] [exthost] [error] Canceled: Canceled
	at Object.i [as canceled] (/usr/lib/code/out/vs/workbench/services/extensions/node/extensionHostProcess.js:5:1157)
	at u._remoteCall (/usr/lib/code/out/vs/workbench/services/extensions/node/extensionHostProcess.js:88:12817)
	at Proxy._.<computed>.D.charCodeAt._.<computed> (/usr/lib/code/out/vs/workbench/services/extensions/node/extensionHostProcess.js:88:9349)
	at c._activateExtension (/usr/lib/code/out/vs/workbench/services/extensions/node/extensionHostProcess.js:89:11613)
	at Object.actualActivateExtension (/usr/lib/code/out/vs/workbench/services/extensions/node/extensionHostProcess.js:89:9202)
	at d._activateExtension (/usr/lib/code/out/vs/workbench/services/extensions/node/extensionHostProcess.js:84:97724)
	at /usr/lib/code/out/vs/workbench/services/extensions/node/extensionHostProcess.js:84:97406
	at Array.map (<anonymous>)
	at d._activateExtensions (/usr/lib/code/out/vs/workbench/services/extensions/node/extensionHostProcess.js:84:97394)
	at d.activateById (/usr/lib/code/out/vs/workbench/services/extensions/node/extensionHostProcess.js:84:95024)
	at c._activateById (/usr/lib/code/out/vs/workbench/services/extensions/node/extensionHostProcess.js:89:10204)
	at c._activateOneStartupFinished (/usr/lib/code/out/vs/workbench/services/extensions/node/extensionHostProcess.js:89:15096)
	at c._activateAllStartupFinished (/usr/lib/code/out/vs/workbench/services/extensions/node/extensionHostProcess.js:89:15467)
	at /usr/lib/code/out/vs/workbench/services/extensions/node/extensionHostProcess.js:89:15956
[2021-08-15 12:03:33.741] [exthost] [error] Activating extension esbenp.prettier-vscode failed due to an error:
[2021-08-15 12:03:33.741] [exthost] [error] Canceled: Canceled
	at Object.i [as canceled] (/usr/lib/code/out/vs/workbench/services/extensions/node/extensionHostProcess.js:5:1157)
	at u._remoteCall (/usr/lib/code/out/vs/workbench/services/extensions/node/extensionHostProcess.js:88:12817)
	at Proxy._.<computed>.D.charCodeAt._.<computed> (/usr/lib/code/out/vs/workbench/services/extensions/node/extensionHostProcess.js:88:9349)
	at c._activateExtension (/usr/lib/code/out/vs/workbench/services/extensions/node/extensionHostProcess.js:89:11613)
	at Object.actualActivateExtension (/usr/lib/code/out/vs/workbench/services/extensions/node/extensionHostProcess.js:89:9202)
	at d._activateExtension (/usr/lib/code/out/vs/workbench/services/extensions/node/extensionHostProcess.js:84:97724)
	at /usr/lib/code/out/vs/workbench/services/extensions/node/extensionHostProcess.js:84:97406
	at Array.map (<anonymous>)
	at d._activateExtensions (/usr/lib/code/out/vs/workbench/services/extensions/node/extensionHostProcess.js:84:97394)
	at d.activateById (/usr/lib/code/out/vs/workbench/services/extensions/node/extensionHostProcess.js:84:95024)
	at c._activateById (/usr/lib/code/out/vs/workbench/services/extensions/node/extensionHostProcess.js:89:10204)
	at c._activateOneStartupFinished (/usr/lib/code/out/vs/workbench/services/extensions/node/extensionHostProcess.js:89:15096)
	at c._activateAllStartupFinished (/usr/lib/code/out/vs/workbench/services/extensions/node/extensionHostProcess.js:89:15467)
	at /usr/lib/code/out/vs/workbench/services/extensions/node/extensionHostProcess.js:89:15956
[2021-08-15 12:03:34.736] [exthost] [info] exiting with code 0
