[2021-08-13 23:19:39.192] [exthost] [info] extension host started
[2021-08-13 23:19:39.355] [exthost] [info] ExtensionService#_doActivateExtension vscode.debug-auto-launch {"startup":true,"extensionId":{"value":"vscode.debug-auto-launch","_lower":"vscode.debug-auto-launch"},"activationEvent":"*"}
[2021-08-13 23:19:39.356] [exthost] [info] ExtensionService#loadCommonJSModule file:///usr/share/vscodium-bin/resources/app/extensions/debug-auto-launch/dist/extension
[2021-08-13 23:19:39.377] [exthost] [info] ExtensionService#_doActivateExtension vscode.git {"startup":true,"extensionId":{"value":"vscode.github","_lower":"vscode.github"},"activationEvent":"*"}
[2021-08-13 23:19:39.377] [exthost] [info] ExtensionService#loadCommonJSModule file:///usr/share/vscodium-bin/resources/app/extensions/git/dist/main
[2021-08-13 23:19:40.065] [exthost] [info] ExtensionService#_doActivateExtension vscode.github {"startup":true,"extensionId":{"value":"vscode.github","_lower":"vscode.github"},"activationEvent":"*"}
[2021-08-13 23:19:40.065] [exthost] [info] ExtensionService#loadCommonJSModule file:///usr/share/vscodium-bin/resources/app/extensions/github/dist/extension.js
[2021-08-13 23:19:40.106] [exthost] [info] ExtensionService#_doActivateExtension ms-vscode.js-debug {"startup":false,"extensionId":{"value":"ms-vscode.js-debug","_lower":"ms-vscode.js-debug"},"activationEvent":"onCommand:extension.js-debug.clearAutoAttachVariables"}
[2021-08-13 23:19:40.106] [exthost] [info] ExtensionService#loadCommonJSModule file:///usr/share/vscodium-bin/resources/app/extensions/ms-vscode.js-debug/src/extension.js
[2021-08-13 23:19:40.434] [exthost] [info] eager extensions activated
[2021-08-13 23:19:40.465] [exthost] [info] ExtensionService#_doActivateExtension vscode.emmet {"startup":false,"extensionId":{"value":"vscode.emmet","_lower":"vscode.emmet"},"activationEvent":"onStartupFinished"}
[2021-08-13 23:19:40.466] [exthost] [info] ExtensionService#loadCommonJSModule file:///usr/share/vscodium-bin/resources/app/extensions/emmet/dist/node/emmetNodeMain
[2021-08-13 23:19:40.493] [exthost] [info] ExtensionService#_doActivateExtension vscode.merge-conflict {"startup":false,"extensionId":{"value":"vscode.merge-conflict","_lower":"vscode.merge-conflict"},"activationEvent":"onStartupFinished"}
[2021-08-13 23:19:40.493] [exthost] [info] ExtensionService#loadCommonJSModule file:///usr/share/vscodium-bin/resources/app/extensions/merge-conflict/dist/mergeConflictMain
[2021-08-13 23:20:06.205] [exthost] [info] ExtensionService#_doActivateExtension vscode.configuration-editing {"startup":false,"extensionId":{"value":"vscode.configuration-editing","_lower":"vscode.configuration-editing"},"activationEvent":"onLanguage:json"}
[2021-08-13 23:20:06.205] [exthost] [info] ExtensionService#loadCommonJSModule file:///usr/share/vscodium-bin/resources/app/extensions/configuration-editing/dist/configurationEditingMain
[2021-08-13 23:20:06.237] [exthost] [info] ExtensionService#_doActivateExtension vscode.extension-editing {"startup":false,"extensionId":{"value":"vscode.extension-editing","_lower":"vscode.extension-editing"},"activationEvent":"onLanguage:json"}
[2021-08-13 23:20:06.237] [exthost] [info] ExtensionService#loadCommonJSModule file:///usr/share/vscodium-bin/resources/app/extensions/extension-editing/dist/extensionEditingMain
[2021-08-13 23:20:06.291] [exthost] [info] ExtensionService#_doActivateExtension vscode.json-language-features {"startup":false,"extensionId":{"value":"vscode.json-language-features","_lower":"vscode.json-language-features"},"activationEvent":"onLanguage:json"}
[2021-08-13 23:20:06.291] [exthost] [info] ExtensionService#loadCommonJSModule file:///usr/share/vscodium-bin/resources/app/extensions/json-language-features/client/dist/node/jsonClientMain
[2021-08-13 23:20:06.482] [exthost] [info] ExtensionService#_doActivateExtension vscode.npm {"startup":false,"extensionId":{"value":"vscode.npm","_lower":"vscode.npm"},"activationEvent":"onLanguage:json"}
[2021-08-13 23:20:06.482] [exthost] [info] ExtensionService#loadCommonJSModule file:///usr/share/vscodium-bin/resources/app/extensions/npm/dist/npmMain
[2021-08-13 23:20:10.473] [exthost] [info] ExtensionService#_doActivateExtension esbenp.prettier-vscode {"startup":false,"extensionId":{"value":"esbenp.prettier-vscode","_lower":"esbenp.prettier-vscode"},"activationEvent":"onStartupFinished"}
[2021-08-13 23:20:10.474] [exthost] [info] ExtensionService#loadCommonJSModule file:///home/vedant/.vscode-oss/extensions/esbenp.prettier-vscode-8.1.0/dist/extension
[2021-08-13 23:20:27.114] [exthost] [info] ExtensionService#_doActivateExtension vscode.typescript-language-features {"startup":false,"extensionId":{"value":"vscode.typescript-language-features","_lower":"vscode.typescript-language-features"},"activationEvent":"onLanguage:jsonc"}
[2021-08-13 23:20:27.114] [exthost] [info] ExtensionService#loadCommonJSModule file:///usr/share/vscodium-bin/resources/app/extensions/typescript-language-features/dist/extension
[2021-08-13 23:21:06.032] [exthost] [info] ExtensionService#_doActivateExtension PKief.material-icon-theme {"startup":false,"extensionId":{"value":"PKief.material-icon-theme","_lower":"pkief.material-icon-theme"},"activationEvent":"*"}
[2021-08-13 23:21:06.032] [exthost] [info] ExtensionService#loadCommonJSModule file:///home/vedant/.vscode-oss/extensions/pkief.material-icon-theme-4.9.0/dist/extension
[2021-08-13 23:21:40.585] [exthost] [info] ExtensionService#_doActivateExtension ritwickdey.LiveServer {"startup":false,"extensionId":{"value":"ritwickdey.LiveServer","_lower":"ritwickdey.liveserver"},"activationEvent":"*"}
[2021-08-13 23:21:40.585] [exthost] [info] ExtensionService#loadCommonJSModule file:///home/vedant/.vscode-oss/extensions/ritwickdey.liveserver-5.6.1/out/src/extension
[2021-08-13 23:22:08.130] [exthost] [info] extension host terminating: renderer closed the socket
[2021-08-13 23:22:09.169] [exthost] [info] exiting with code 0
[2021-08-13 23:22:13.421] [exthost] [info] extension host started
[2021-08-13 23:22:13.421] [exthost] [info] Skipping acquiring lock for /home/vedant/.config/VSCodium/User/workspaceStorage/604c83a3e73d760bb9eaa523199821a6.
[2021-08-13 23:22:13.505] [exthost] [info] ExtensionService#_doActivateExtension vscode.debug-auto-launch {"startup":true,"extensionId":{"value":"vscode.debug-auto-launch","_lower":"vscode.debug-auto-launch"},"activationEvent":"*"}
[2021-08-13 23:22:13.505] [exthost] [info] ExtensionService#loadCommonJSModule file:///usr/share/vscodium-bin/resources/app/extensions/debug-auto-launch/dist/extension
[2021-08-13 23:22:13.613] [exthost] [info] ExtensionService#_doActivateExtension vscode.git {"startup":true,"extensionId":{"value":"vscode.github","_lower":"vscode.github"},"activationEvent":"*"}
[2021-08-13 23:22:13.614] [exthost] [info] ExtensionService#loadCommonJSModule file:///usr/share/vscodium-bin/resources/app/extensions/git/dist/main
[2021-08-13 23:22:13.796] [exthost] [info] ExtensionService#_doActivateExtension PKief.material-icon-theme {"startup":true,"extensionId":{"value":"PKief.material-icon-theme","_lower":"pkief.material-icon-theme"},"activationEvent":"*"}
[2021-08-13 23:22:13.796] [exthost] [info] ExtensionService#loadCommonJSModule file:///home/vedant/.vscode-oss/extensions/pkief.material-icon-theme-4.9.0/dist/extension
[2021-08-13 23:22:13.944] [exthost] [info] ExtensionService#_doActivateExtension vscode.github {"startup":true,"extensionId":{"value":"vscode.github","_lower":"vscode.github"},"activationEvent":"*"}
[2021-08-13 23:22:13.944] [exthost] [info] ExtensionService#loadCommonJSModule file:///usr/share/vscodium-bin/resources/app/extensions/github/dist/extension.js
[2021-08-13 23:22:14.145] [exthost] [info] ExtensionService#_doActivateExtension ms-vscode.js-debug {"startup":false,"extensionId":{"value":"ms-vscode.js-debug","_lower":"ms-vscode.js-debug"},"activationEvent":"onCommand:extension.js-debug.clearAutoAttachVariables"}
[2021-08-13 23:22:14.145] [exthost] [info] ExtensionService#loadCommonJSModule file:///usr/share/vscodium-bin/resources/app/extensions/ms-vscode.js-debug/src/extension.js
[2021-08-13 23:22:14.592] [exthost] [info] eager extensions activated
[2021-08-13 23:22:14.646] [exthost] [info] ExtensionService#_doActivateExtension vscode.emmet {"startup":false,"extensionId":{"value":"vscode.emmet","_lower":"vscode.emmet"},"activationEvent":"onStartupFinished"}
[2021-08-13 23:22:14.646] [exthost] [info] ExtensionService#loadCommonJSModule file:///usr/share/vscodium-bin/resources/app/extensions/emmet/dist/node/emmetNodeMain
[2021-08-13 23:22:14.743] [exthost] [info] ExtensionService#_doActivateExtension vscode.merge-conflict {"startup":false,"extensionId":{"value":"vscode.merge-conflict","_lower":"vscode.merge-conflict"},"activationEvent":"onStartupFinished"}
[2021-08-13 23:22:14.743] [exthost] [info] ExtensionService#loadCommonJSModule file:///usr/share/vscodium-bin/resources/app/extensions/merge-conflict/dist/mergeConflictMain
[2021-08-13 23:22:14.789] [exthost] [info] ExtensionService#_doActivateExtension esbenp.prettier-vscode {"startup":false,"extensionId":{"value":"esbenp.prettier-vscode","_lower":"esbenp.prettier-vscode"},"activationEvent":"onStartupFinished"}
[2021-08-13 23:22:14.789] [exthost] [info] ExtensionService#loadCommonJSModule file:///home/vedant/.vscode-oss/extensions/esbenp.prettier-vscode-8.1.0/dist/extension
[2021-08-13 23:22:14.949] [exthost] [error] Activating extension esbenp.prettier-vscode failed due to an error:
[2021-08-13 23:22:14.949] [exthost] [error] TypeError: Cannot assign to read only property 'prettierPath' of object '#<Object>'
	at Object.t.getConfig (/home/vedant/.vscode-oss/extensions/esbenp.prettier-vscode-8.1.0/dist/extension.js:1:21627)
	at e.activate (/home/vedant/.vscode-oss/extensions/esbenp.prettier-vscode-8.1.0/dist/extension.js:1:73344)
	at Function._callActivateOptional (/usr/share/vscodium-bin/resources/app/out/vs/workbench/services/extensions/node/extensionHostProcess.js:90:14919)
	at Function._callActivate (/usr/share/vscodium-bin/resources/app/out/vs/workbench/services/extensions/node/extensionHostProcess.js:90:14592)
	at /usr/share/vscodium-bin/resources/app/out/vs/workbench/services/extensions/node/extensionHostProcess.js:90:12789
	at processTicksAndRejections (internal/process/task_queues.js:93:5)
	at async Promise.all (index 0)
[2021-08-13 23:22:15.868] [exthost] [info] ExtensionService#_doActivateExtension ritwickdey.LiveServer {"startup":false,"extensionId":{"value":"ritwickdey.LiveServer","_lower":"ritwickdey.liveserver"},"activationEvent":"*"}
[2021-08-13 23:22:15.868] [exthost] [info] ExtensionService#loadCommonJSModule file:///home/vedant/.vscode-oss/extensions/ritwickdey.liveserver-5.6.1/out/src/extension
[2021-08-13 23:22:23.080] [exthost] [info] ExtensionService#_doActivateExtension vscode.typescript-language-features {"startup":false,"extensionId":{"value":"vscode.typescript-language-features","_lower":"vscode.typescript-language-features"},"activationEvent":"onLanguage:javascript"}
[2021-08-13 23:22:23.080] [exthost] [info] ExtensionService#loadCommonJSModule file:///usr/share/vscodium-bin/resources/app/extensions/typescript-language-features/dist/extension
[2021-08-13 23:22:25.334] [exthost] [info] ExtensionService#_doActivateExtension vscode.css-language-features {"startup":false,"extensionId":{"value":"vscode.css-language-features","_lower":"vscode.css-language-features"},"activationEvent":"onLanguage:css"}
[2021-08-13 23:22:25.334] [exthost] [info] ExtensionService#loadCommonJSModule file:///usr/share/vscodium-bin/resources/app/extensions/css-language-features/client/dist/node/cssClientMain
[2021-08-13 23:22:27.830] [exthost] [info] ExtensionService#_doActivateExtension vscode.html-language-features {"startup":false,"extensionId":{"value":"vscode.html-language-features","_lower":"vscode.html-language-features"},"activationEvent":"onLanguage:html"}
[2021-08-13 23:22:27.830] [exthost] [info] ExtensionService#loadCommonJSModule file:///usr/share/vscodium-bin/resources/app/extensions/html-language-features/client/dist/node/htmlClientMain
[2021-08-13 23:23:36.858] [exthost] [info] ExtensionService#_doActivateExtension vscode.extension-editing {"startup":false,"extensionId":{"value":"vscode.extension-editing","_lower":"vscode.extension-editing"},"activationEvent":"onLanguage:typescript"}
[2021-08-13 23:23:36.858] [exthost] [info] ExtensionService#loadCommonJSModule file:///usr/share/vscodium-bin/resources/app/extensions/extension-editing/dist/extensionEditingMain
[2021-08-13 23:23:53.246] [exthost] [info] ExtensionService#_doActivateExtension vscode.configuration-editing {"startup":false,"extensionId":{"value":"vscode.configuration-editing","_lower":"vscode.configuration-editing"},"activationEvent":"onLanguage:jsonc"}
[2021-08-13 23:23:53.247] [exthost] [info] ExtensionService#loadCommonJSModule file:///usr/share/vscodium-bin/resources/app/extensions/configuration-editing/dist/configurationEditingMain
[2021-08-13 23:23:53.369] [exthost] [info] ExtensionService#_doActivateExtension vscode.json-language-features {"startup":false,"extensionId":{"value":"vscode.json-language-features","_lower":"vscode.json-language-features"},"activationEvent":"onLanguage:jsonc"}
[2021-08-13 23:23:53.369] [exthost] [info] ExtensionService#loadCommonJSModule file:///usr/share/vscodium-bin/resources/app/extensions/json-language-features/client/dist/node/jsonClientMain
[2021-08-13 23:39:29.497] [exthost] [info] extension host terminating: renderer closed the socket
[2021-08-13 23:39:30.559] [exthost] [info] exiting with code 0
